{"C:\\Users\\laffy\\Documents\\coding\\cylon_projects\\hello-cylon\\hello-frontend\\src\\index.tsx": {"path":"C:\\Users\\laffy\\Documents\\coding\\cylon_projects\\hello-cylon\\hello-frontend\\src\\index.tsx","statementMap":{"0":{"start":{"line":7,"column":13},"end":{"line":7,"column":80}},"1":{"start":{"line":8,"column":0},"end":{"line":12,"column":2}}},"fnMap":{},"branchMap":{},"s":{"0":0,"1":0},"f":{},"b":{}}
,"C:\\Users\\laffy\\Documents\\coding\\cylon_projects\\hello-cylon\\hello-frontend\\src\\dtos\\ToDoItem.ts": {"path":"C:\\Users\\laffy\\Documents\\coding\\cylon_projects\\hello-cylon\\hello-frontend\\src\\dtos\\ToDoItem.ts","statementMap":{"0":{"start":{"line":6,"column":35},"end":{"line":10,"column":1}},"1":{"start":{"line":12,"column":33},"end":{"line":16,"column":1}},"2":{"start":{"line":17,"column":25},"end":{"line":17,"column":35}}},"fnMap":{},"branchMap":{},"s":{"0":6,"1":6,"2":6},"f":{},"b":{},"_coverageSchema":"1a1c01bbd47fc00a2c39e90264f33305004495a9","hash":"63487c2508defd06bc994b1ba31516c61cdd8c82"}
,"C:\\Users\\laffy\\Documents\\coding\\cylon_projects\\hello-cylon\\hello-frontend\\src\\dtos\\ToDoList.ts": {"path":"C:\\Users\\laffy\\Documents\\coding\\cylon_projects\\hello-cylon\\hello-frontend\\src\\dtos\\ToDoList.ts","statementMap":{"0":{"start":{"line":11,"column":34},"end":{"line":16,"column":1}},"1":{"start":{"line":17,"column":33},"end":{"line":22,"column":1}},"2":{"start":{"line":23,"column":25},"end":{"line":23,"column":35}}},"fnMap":{},"branchMap":{},"s":{"0":8,"1":8,"2":8},"f":{},"b":{},"_coverageSchema":"1a1c01bbd47fc00a2c39e90264f33305004495a9","hash":"4c4ec633d07ad9fbf5b5e32fe8a280a36481455d"}
,"C:\\Users\\laffy\\Documents\\coding\\cylon_projects\\hello-cylon\\hello-frontend\\src\\jsons\\ToDoItemJson.ts": {"path":"C:\\Users\\laffy\\Documents\\coding\\cylon_projects\\hello-cylon\\hello-frontend\\src\\jsons\\ToDoItemJson.ts","statementMap":{},"fnMap":{},"branchMap":{},"s":{},"f":{},"b":{}}
,"C:\\Users\\laffy\\Documents\\coding\\cylon_projects\\hello-cylon\\hello-frontend\\src\\jsons\\ToDoListJson.ts": {"path":"C:\\Users\\laffy\\Documents\\coding\\cylon_projects\\hello-cylon\\hello-frontend\\src\\jsons\\ToDoListJson.ts","statementMap":{},"fnMap":{},"branchMap":{},"s":{},"f":{},"b":{}}
,"C:\\Users\\laffy\\Documents\\coding\\cylon_projects\\hello-cylon\\hello-frontend\\src\\main\\App.tsx": {"path":"C:\\Users\\laffy\\Documents\\coding\\cylon_projects\\hello-cylon\\hello-frontend\\src\\main\\App.tsx","statementMap":{"0":{"start":{"line":11,"column":32},"end":{"line":11,"column":52}},"1":{"start":{"line":12,"column":28},"end":{"line":12,"column":58}},"2":{"start":{"line":13,"column":42},"end":{"line":13,"column":77}},"3":{"start":{"line":14,"column":36},"end":{"line":14,"column":57}},"4":{"start":{"line":16,"column":2},"end":{"line":23,"column":16}},"5":{"start":{"line":17,"column":4},"end":{"line":22,"column":5}},"6":{"start":{"line":18,"column":6},"end":{"line":20,"column":24}},"7":{"start":{"line":19,"column":8},"end":{"line":19,"column":34}},"8":{"start":{"line":21,"column":6},"end":{"line":21,"column":24}},"9":{"start":{"line":25,"column":2},"end":{"line":51,"column":4}},"10":{"start":{"line":54,"column":21},"end":{"line":62,"column":1}}},"fnMap":{"0":{"name":"App","decl":{"start":{"line":10,"column":9},"end":{"line":10,"column":12}},"loc":{"start":{"line":10,"column":15},"end":{"line":52,"column":1}},"line":10},"1":{"name":"(anonymous_1)","decl":{"start":{"line":16,"column":12},"end":{"line":16,"column":13}},"loc":{"start":{"line":16,"column":18},"end":{"line":23,"column":3}},"line":16},"2":{"name":"(anonymous_2)","decl":{"start":{"line":18,"column":29},"end":{"line":18,"column":30}},"loc":{"start":{"line":18,"column":43},"end":{"line":20,"column":7}},"line":18}},"branchMap":{"0":{"loc":{"start":{"line":17,"column":4},"end":{"line":22,"column":5}},"type":"if","locations":[{"start":{"line":17,"column":4},"end":{"line":22,"column":5}},{"start":{},"end":{}}],"line":17}},"s":{"0":2,"1":2,"2":2,"3":2,"4":2,"5":2,"6":1,"7":0,"8":1,"9":2,"10":1},"f":{"0":2,"1":2,"2":0},"b":{"0":[1,1]},"_coverageSchema":"1a1c01bbd47fc00a2c39e90264f33305004495a9","hash":"44e04c024e8bb208ea04941cbd47370733083c87"}
,"C:\\Users\\laffy\\Documents\\coding\\cylon_projects\\hello-cylon\\hello-frontend\\src\\main\\api\\ApiRequests.ts": {"path":"C:\\Users\\laffy\\Documents\\coding\\cylon_projects\\hello-cylon\\hello-frontend\\src\\main\\api\\ApiRequests.ts","statementMap":{"0":{"start":{"line":6,"column":27},"end":{"line":6,"column":47}},"1":{"start":{"line":7,"column":28},"end":{"line":7,"column":49}},"2":{"start":{"line":8,"column":27},"end":{"line":8,"column":47}},"3":{"start":{"line":9,"column":30},"end":{"line":9,"column":53}},"4":{"start":{"line":10,"column":23},"end":{"line":10,"column":52}},"5":{"start":{"line":11,"column":30},"end":{"line":11,"column":51}},"6":{"start":{"line":12,"column":30},"end":{"line":12,"column":51}},"7":{"start":{"line":13,"column":27},"end":{"line":13,"column":42}},"8":{"start":{"line":14,"column":26},"end":{"line":14,"column":49}},"9":{"start":{"line":15,"column":26},"end":{"line":15,"column":49}},"10":{"start":{"line":16,"column":29},"end":{"line":16,"column":53}},"11":{"start":{"line":17,"column":29},"end":{"line":17,"column":53}},"12":{"start":{"line":20,"column":2},"end":{"line":33,"column":3}},"13":{"start":{"line":22,"column":23},"end":{"line":22,"column":51}},"14":{"start":{"line":24,"column":6},"end":{"line":29,"column":7}},"15":{"start":{"line":25,"column":10},"end":{"line":25,"column":31}},"16":{"start":{"line":28,"column":10},"end":{"line":28,"column":39}},"17":{"start":{"line":32,"column":4},"end":{"line":32,"column":26}},"18":{"start":{"line":37,"column":2},"end":{"line":46,"column":3}},"19":{"start":{"line":38,"column":21},"end":{"line":38,"column":66}},"20":{"start":{"line":39,"column":4},"end":{"line":43,"column":5}},"21":{"start":{"line":40,"column":6},"end":{"line":40,"column":21}},"22":{"start":{"line":42,"column":6},"end":{"line":42,"column":36}},"23":{"start":{"line":45,"column":4},"end":{"line":45,"column":24}},"24":{"start":{"line":50,"column":2},"end":{"line":59,"column":3}},"25":{"start":{"line":51,"column":21},"end":{"line":51,"column":66}},"26":{"start":{"line":52,"column":4},"end":{"line":56,"column":5}},"27":{"start":{"line":53,"column":6},"end":{"line":53,"column":21}},"28":{"start":{"line":55,"column":6},"end":{"line":55,"column":36}},"29":{"start":{"line":58,"column":4},"end":{"line":58,"column":24}},"30":{"start":{"line":63,"column":2},"end":{"line":72,"column":3}},"31":{"start":{"line":64,"column":21},"end":{"line":64,"column":66}},"32":{"start":{"line":65,"column":4},"end":{"line":69,"column":5}},"33":{"start":{"line":66,"column":6},"end":{"line":66,"column":23}},"34":{"start":{"line":68,"column":6},"end":{"line":68,"column":35}},"35":{"start":{"line":71,"column":4},"end":{"line":71,"column":23}},"36":{"start":{"line":76,"column":2},"end":{"line":85,"column":3}},"37":{"start":{"line":77,"column":21},"end":{"line":77,"column":66}},"38":{"start":{"line":78,"column":4},"end":{"line":82,"column":5}},"39":{"start":{"line":79,"column":6},"end":{"line":79,"column":23}},"40":{"start":{"line":81,"column":6},"end":{"line":81,"column":35}},"41":{"start":{"line":84,"column":4},"end":{"line":84,"column":23}},"42":{"start":{"line":89,"column":2},"end":{"line":98,"column":3}},"43":{"start":{"line":90,"column":21},"end":{"line":90,"column":57}},"44":{"start":{"line":91,"column":4},"end":{"line":95,"column":5}},"45":{"start":{"line":92,"column":6},"end":{"line":92,"column":23}},"46":{"start":{"line":94,"column":6},"end":{"line":94,"column":38}},"47":{"start":{"line":97,"column":4},"end":{"line":97,"column":26}},"48":{"start":{"line":102,"column":2},"end":{"line":111,"column":3}},"49":{"start":{"line":103,"column":21},"end":{"line":103,"column":57}},"50":{"start":{"line":104,"column":4},"end":{"line":108,"column":5}},"51":{"start":{"line":105,"column":6},"end":{"line":105,"column":23}},"52":{"start":{"line":107,"column":6},"end":{"line":107,"column":38}},"53":{"start":{"line":110,"column":4},"end":{"line":110,"column":26}}},"fnMap":{"0":{"name":"getAllToDoLists","decl":{"start":{"line":19,"column":22},"end":{"line":19,"column":37}},"loc":{"start":{"line":19,"column":62},"end":{"line":34,"column":1}},"line":19},"1":{"name":"postNewToDoList","decl":{"start":{"line":36,"column":22},"end":{"line":36,"column":37}},"loc":{"start":{"line":36,"column":78},"end":{"line":47,"column":1}},"line":36},"2":{"name":"postNewToDoItem","decl":{"start":{"line":49,"column":22},"end":{"line":49,"column":37}},"loc":{"start":{"line":49,"column":77},"end":{"line":60,"column":1}},"line":49},"3":{"name":"putUpdateToDoList","decl":{"start":{"line":62,"column":22},"end":{"line":62,"column":39}},"loc":{"start":{"line":62,"column":85},"end":{"line":73,"column":1}},"line":62},"4":{"name":"putUpdateToDoItem","decl":{"start":{"line":75,"column":22},"end":{"line":75,"column":39}},"loc":{"start":{"line":75,"column":84},"end":{"line":86,"column":1}},"line":75},"5":{"name":"deleteToDoList","decl":{"start":{"line":88,"column":22},"end":{"line":88,"column":36}},"loc":{"start":{"line":88,"column":66},"end":{"line":99,"column":1}},"line":88},"6":{"name":"deleteToDoItem","decl":{"start":{"line":101,"column":22},"end":{"line":101,"column":36}},"loc":{"start":{"line":101,"column":66},"end":{"line":112,"column":1}},"line":101}},"branchMap":{"0":{"loc":{"start":{"line":24,"column":6},"end":{"line":29,"column":7}},"type":"if","locations":[{"start":{"line":24,"column":6},"end":{"line":29,"column":7}},{"start":{"line":27,"column":13},"end":{"line":29,"column":7}}],"line":24},"1":{"loc":{"start":{"line":39,"column":4},"end":{"line":43,"column":5}},"type":"if","locations":[{"start":{"line":39,"column":4},"end":{"line":43,"column":5}},{"start":{"line":41,"column":11},"end":{"line":43,"column":5}}],"line":39},"2":{"loc":{"start":{"line":52,"column":4},"end":{"line":56,"column":5}},"type":"if","locations":[{"start":{"line":52,"column":4},"end":{"line":56,"column":5}},{"start":{"line":54,"column":11},"end":{"line":56,"column":5}}],"line":52},"3":{"loc":{"start":{"line":65,"column":4},"end":{"line":69,"column":5}},"type":"if","locations":[{"start":{"line":65,"column":4},"end":{"line":69,"column":5}},{"start":{"line":67,"column":11},"end":{"line":69,"column":5}}],"line":65},"4":{"loc":{"start":{"line":78,"column":4},"end":{"line":82,"column":5}},"type":"if","locations":[{"start":{"line":78,"column":4},"end":{"line":82,"column":5}},{"start":{"line":80,"column":11},"end":{"line":82,"column":5}}],"line":78},"5":{"loc":{"start":{"line":91,"column":4},"end":{"line":95,"column":5}},"type":"if","locations":[{"start":{"line":91,"column":4},"end":{"line":95,"column":5}},{"start":{"line":93,"column":11},"end":{"line":95,"column":5}}],"line":91},"6":{"loc":{"start":{"line":104,"column":4},"end":{"line":108,"column":5}},"type":"if","locations":[{"start":{"line":104,"column":4},"end":{"line":108,"column":5}},{"start":{"line":106,"column":11},"end":{"line":108,"column":5}}],"line":104}},"s":{"0":4,"1":4,"2":4,"3":4,"4":4,"5":4,"6":4,"7":4,"8":4,"9":4,"10":4,"11":4,"12":3,"13":3,"14":2,"15":1,"16":1,"17":1,"18":2,"19":2,"20":2,"21":1,"22":1,"23":1,"24":2,"25":2,"26":2,"27":1,"28":1,"29":1,"30":3,"31":3,"32":2,"33":1,"34":1,"35":1,"36":2,"37":2,"38":2,"39":1,"40":1,"41":1,"42":4,"43":4,"44":2,"45":1,"46":1,"47":1,"48":2,"49":2,"50":2,"51":1,"52":1,"53":1},"f":{"0":3,"1":2,"2":2,"3":3,"4":2,"5":4,"6":2},"b":{"0":[1,1],"1":[1,1],"2":[1,1],"3":[1,1],"4":[1,1],"5":[1,1],"6":[1,1]},"_coverageSchema":"1a1c01bbd47fc00a2c39e90264f33305004495a9","hash":"edc84cbb5f2add72b103ee30c8cd526deb825b2a"}
,"C:\\Users\\laffy\\Documents\\coding\\cylon_projects\\hello-cylon\\hello-frontend\\src\\main\\components\\EditItem\\EditItem.tsx": {"path":"C:\\Users\\laffy\\Documents\\coding\\cylon_projects\\hello-cylon\\hello-frontend\\src\\main\\components\\EditItem\\EditItem.tsx","statementMap":{"0":{"start":{"line":9,"column":2},"end":{"line":32,"column":3}}},"fnMap":{"0":{"name":"EditItem","decl":{"start":{"line":8,"column":16},"end":{"line":8,"column":24}},"loc":{"start":{"line":8,"column":47},"end":{"line":33,"column":1}},"line":8}},"branchMap":{},"s":{"0":3},"f":{"0":3},"b":{},"_coverageSchema":"1a1c01bbd47fc00a2c39e90264f33305004495a9","hash":"84f9e083375af27acaaa511975609a8de5e03363"}
,"C:\\Users\\laffy\\Documents\\coding\\cylon_projects\\hello-cylon\\hello-frontend\\src\\main\\components\\EditItem\\EditItemProps.ts": {"path":"C:\\Users\\laffy\\Documents\\coding\\cylon_projects\\hello-cylon\\hello-frontend\\src\\main\\components\\EditItem\\EditItemProps.ts","statementMap":{},"fnMap":{},"branchMap":{},"s":{},"f":{},"b":{}}
,"C:\\Users\\laffy\\Documents\\coding\\cylon_projects\\hello-cylon\\hello-frontend\\src\\main\\components\\EditLists\\EditList.tsx": {"path":"C:\\Users\\laffy\\Documents\\coding\\cylon_projects\\hello-cylon\\hello-frontend\\src\\main\\components\\EditLists\\EditList.tsx","statementMap":{"0":{"start":{"line":13,"column":2},"end":{"line":82,"column":3}},"1":{"start":{"line":19,"column":10},"end":{"line":19,"column":35}},"2":{"start":{"line":20,"column":10},"end":{"line":20,"column":41}},"3":{"start":{"line":37,"column":14},"end":{"line":37,"column":79}},"4":{"start":{"line":50,"column":14},"end":{"line":50,"column":85}},"5":{"start":{"line":53,"column":12},"end":{"line":61,"column":14}},"6":{"start":{"line":67,"column":16},"end":{"line":70,"column":17}},"7":{"start":{"line":67,"column":57},"end":{"line":67,"column":74}},"8":{"start":{"line":68,"column":32},"end":{"line":68,"column":72}},"9":{"start":{"line":69,"column":18},"end":{"line":69,"column":74}},"10":{"start":{"line":74,"column":27},"end":{"line":79,"column":11}}},"fnMap":{"0":{"name":"EditList","decl":{"start":{"line":12,"column":16},"end":{"line":12,"column":24}},"loc":{"start":{"line":12,"column":45},"end":{"line":83,"column":1}},"line":12},"1":{"name":"(anonymous_1)","decl":{"start":{"line":18,"column":17},"end":{"line":18,"column":18}},"loc":{"start":{"line":18,"column":23},"end":{"line":21,"column":7}},"line":18},"2":{"name":"(anonymous_2)","decl":{"start":{"line":36,"column":22},"end":{"line":36,"column":23}},"loc":{"start":{"line":37,"column":14},"end":{"line":37,"column":79}},"line":37},"3":{"name":"(anonymous_3)","decl":{"start":{"line":49,"column":22},"end":{"line":49,"column":23}},"loc":{"start":{"line":50,"column":14},"end":{"line":50,"column":85}},"line":50},"4":{"name":"(anonymous_4)","decl":{"start":{"line":52,"column":38},"end":{"line":52,"column":39}},"loc":{"start":{"line":53,"column":12},"end":{"line":61,"column":14}},"line":53},"5":{"name":"(anonymous_5)","decl":{"start":{"line":66,"column":23},"end":{"line":66,"column":24}},"loc":{"start":{"line":66,"column":29},"end":{"line":71,"column":11}},"line":66},"6":{"name":"(anonymous_6)","decl":{"start":{"line":67,"column":49},"end":{"line":67,"column":50}},"loc":{"start":{"line":67,"column":57},"end":{"line":67,"column":74}},"line":67},"7":{"name":"(anonymous_7)","decl":{"start":{"line":74,"column":21},"end":{"line":74,"column":22}},"loc":{"start":{"line":74,"column":27},"end":{"line":79,"column":11}},"line":74}},"branchMap":{"0":{"loc":{"start":{"line":25,"column":7},"end":{"line":80,"column":14}},"type":"binary-expr","locations":[{"start":{"line":25,"column":7},"end":{"line":25,"column":22}},{"start":{"line":26,"column":8},"end":{"line":80,"column":14}}],"line":25},"1":{"loc":{"start":{"line":67,"column":16},"end":{"line":70,"column":17}},"type":"if","locations":[{"start":{"line":67,"column":16},"end":{"line":70,"column":17}},{"start":{},"end":{}}],"line":67}},"s":{"0":8,"1":1,"2":1,"3":1,"4":1,"5":2,"6":2,"7":1,"8":1,"9":1,"10":1},"f":{"0":8,"1":1,"2":1,"3":1,"4":2,"5":2,"6":1,"7":1},"b":{"0":[8,5],"1":[1,1]},"_coverageSchema":"1a1c01bbd47fc00a2c39e90264f33305004495a9","hash":"bf3ebc71bb50f333173e757027ea4faab7fe4f58"}
,"C:\\Users\\laffy\\Documents\\coding\\cylon_projects\\hello-cylon\\hello-frontend\\src\\main\\components\\EditLists\\EditListFunctions.ts": {"path":"C:\\Users\\laffy\\Documents\\coding\\cylon_projects\\hello-cylon\\hello-frontend\\src\\main\\components\\EditLists\\EditListFunctions.ts","statementMap":{"0":{"start":{"line":11,"column":21},"end":{"line":11,"column":76}},"1":{"start":{"line":12,"column":2},"end":{"line":17,"column":3}},"2":{"start":{"line":13,"column":29},"end":{"line":13,"column":60}},"3":{"start":{"line":14,"column":4},"end":{"line":14,"column":24}},"4":{"start":{"line":15,"column":4},"end":{"line":15,"column":29}},"5":{"start":{"line":16,"column":4},"end":{"line":16,"column":21}}},"fnMap":{"0":{"name":"handleSubmit","decl":{"start":{"line":5,"column":16},"end":{"line":5,"column":28}},"loc":{"start":{"line":10,"column":2},"end":{"line":18,"column":1}},"line":10}},"branchMap":{"0":{"loc":{"start":{"line":11,"column":21},"end":{"line":11,"column":76}},"type":"cond-expr","locations":[{"start":{"line":11,"column":41},"end":{"line":11,"column":58}},{"start":{"line":11,"column":61},"end":{"line":11,"column":76}}],"line":11},"1":{"loc":{"start":{"line":12,"column":2},"end":{"line":17,"column":3}},"type":"if","locations":[{"start":{"line":12,"column":2},"end":{"line":17,"column":3}},{"start":{},"end":{}}],"line":12},"2":{"loc":{"start":{"line":12,"column":6},"end":{"line":12,"column":66}},"type":"binary-expr","locations":[{"start":{"line":12,"column":6},"end":{"line":12,"column":31}},{"start":{"line":12,"column":35},"end":{"line":12,"column":66}}],"line":12}},"s":{"0":2,"1":2,"2":1,"3":1,"4":1,"5":1},"f":{"0":2},"b":{"0":[1,1],"1":[1,1],"2":[2,1]},"_coverageSchema":"1a1c01bbd47fc00a2c39e90264f33305004495a9","hash":"b9d95b0a6e5a934a47bd4b567a587cf4e5d4ec73"}
,"C:\\Users\\laffy\\Documents\\coding\\cylon_projects\\hello-cylon\\hello-frontend\\src\\main\\components\\EditLists\\EditListProps.ts": {"path":"C:\\Users\\laffy\\Documents\\coding\\cylon_projects\\hello-cylon\\hello-frontend\\src\\main\\components\\EditLists\\EditListProps.ts","statementMap":{},"fnMap":{},"branchMap":{},"s":{},"f":{},"b":{}}
,"C:\\Users\\laffy\\Documents\\coding\\cylon_projects\\hello-cylon\\hello-frontend\\src\\main\\components\\ItemField\\ItemField.tsx": {"path":"C:\\Users\\laffy\\Documents\\coding\\cylon_projects\\hello-cylon\\hello-frontend\\src\\main\\components\\ItemField\\ItemField.tsx","statementMap":{"0":{"start":{"line":8,"column":2},"end":{"line":26,"column":3}},"1":{"start":{"line":18,"column":8},"end":{"line":23,"column":22}}},"fnMap":{"0":{"name":"ItemField","decl":{"start":{"line":7,"column":16},"end":{"line":7,"column":25}},"loc":{"start":{"line":7,"column":48},"end":{"line":27,"column":1}},"line":7},"1":{"name":"(anonymous_1)","decl":{"start":{"line":17,"column":16},"end":{"line":17,"column":17}},"loc":{"start":{"line":17,"column":53},"end":{"line":24,"column":7}},"line":17}},"branchMap":{},"s":{"0":7,"1":1},"f":{"0":7,"1":1},"b":{},"_coverageSchema":"1a1c01bbd47fc00a2c39e90264f33305004495a9","hash":"ba319fa9b240074fcdd9786eb327d0cf86575090"}
,"C:\\Users\\laffy\\Documents\\coding\\cylon_projects\\hello-cylon\\hello-frontend\\src\\main\\components\\ItemField\\ItemFieldFunctions.ts": {"path":"C:\\Users\\laffy\\Documents\\coding\\cylon_projects\\hello-cylon\\hello-frontend\\src\\main\\components\\ItemField\\ItemFieldFunctions.ts","statementMap":{"0":{"start":{"line":5,"column":4},"end":{"line":5,"column":60}},"1":{"start":{"line":15,"column":19},"end":{"line":15,"column":28}},"2":{"start":{"line":16,"column":2},"end":{"line":16,"column":29}},"3":{"start":{"line":17,"column":34},"end":{"line":17,"column":36}},"4":{"start":{"line":18,"column":2},"end":{"line":22,"column":5}},"5":{"start":{"line":19,"column":4},"end":{"line":21,"column":5}},"6":{"start":{"line":20,"column":6},"end":{"line":20,"column":42}},"7":{"start":{"line":23,"column":2},"end":{"line":23,"column":51}}},"fnMap":{"0":{"name":"capitalizeFirstLetter","decl":{"start":{"line":4,"column":16},"end":{"line":4,"column":37}},"loc":{"start":{"line":4,"column":62},"end":{"line":6,"column":1}},"line":4},"1":{"name":"handleItemChanges","decl":{"start":{"line":8,"column":16},"end":{"line":8,"column":33}},"loc":{"start":{"line":14,"column":2},"end":{"line":24,"column":1}},"line":14},"2":{"name":"(anonymous_2)","decl":{"start":{"line":18,"column":19},"end":{"line":18,"column":20}},"loc":{"start":{"line":18,"column":39},"end":{"line":22,"column":3}},"line":18}},"branchMap":{"0":{"loc":{"start":{"line":19,"column":4},"end":{"line":21,"column":5}},"type":"if","locations":[{"start":{"line":19,"column":4},"end":{"line":21,"column":5}},{"start":{},"end":{}}],"line":19},"1":{"loc":{"start":{"line":19,"column":8},"end":{"line":19,"column":66}},"type":"binary-expr","locations":[{"start":{"line":19,"column":8},"end":{"line":19,"column":33}},{"start":{"line":19,"column":37},"end":{"line":19,"column":66}}],"line":19}},"s":{"0":7,"1":2,"2":2,"3":2,"4":2,"5":3,"6":2,"7":2},"f":{"0":7,"1":2,"2":3},"b":{"0":[2,1],"1":[3,3]},"_coverageSchema":"1a1c01bbd47fc00a2c39e90264f33305004495a9","hash":"711b61b1b74073c5e86529d7402b1398a72c800a"}
,"C:\\Users\\laffy\\Documents\\coding\\cylon_projects\\hello-cylon\\hello-frontend\\src\\main\\components\\ItemField\\ItemFieldProps.ts": {"path":"C:\\Users\\laffy\\Documents\\coding\\cylon_projects\\hello-cylon\\hello-frontend\\src\\main\\components\\ItemField\\ItemFieldProps.ts","statementMap":{},"fnMap":{},"branchMap":{},"s":{},"f":{},"b":{}}
,"C:\\Users\\laffy\\Documents\\coding\\cylon_projects\\hello-cylon\\hello-frontend\\src\\main\\components\\ViewLists\\ViewLists.tsx": {"path":"C:\\Users\\laffy\\Documents\\coding\\cylon_projects\\hello-cylon\\hello-frontend\\src\\main\\components\\ViewLists\\ViewLists.tsx","statementMap":{"0":{"start":{"line":10,"column":2},"end":{"line":34,"column":4}},"1":{"start":{"line":15,"column":10},"end":{"line":29,"column":21}},"2":{"start":{"line":18,"column":14},"end":{"line":18,"column":42}},"3":{"start":{"line":19,"column":14},"end":{"line":21,"column":15}},"4":{"start":{"line":20,"column":16},"end":{"line":20,"column":41}},"5":{"start":{"line":26,"column":14},"end":{"line":26,"column":119}},"6":{"start":{"line":37,"column":17},"end":{"line":52,"column":1}}},"fnMap":{"0":{"name":"ViewLists","decl":{"start":{"line":9,"column":16},"end":{"line":9,"column":25}},"loc":{"start":{"line":9,"column":48},"end":{"line":35,"column":1}},"line":9},"1":{"name":"(anonymous_1)","decl":{"start":{"line":14,"column":49},"end":{"line":14,"column":50}},"loc":{"start":{"line":15,"column":10},"end":{"line":29,"column":21}},"line":15},"2":{"name":"(anonymous_2)","decl":{"start":{"line":17,"column":21},"end":{"line":17,"column":22}},"loc":{"start":{"line":17,"column":27},"end":{"line":22,"column":13}},"line":17},"3":{"name":"(anonymous_3)","decl":{"start":{"line":25,"column":63},"end":{"line":25,"column":64}},"loc":{"start":{"line":25,"column":67},"end":{"line":27,"column":13}},"line":25}},"branchMap":{"0":{"loc":{"start":{"line":14,"column":9},"end":{"line":30,"column":10}},"type":"binary-expr","locations":[{"start":{"line":14,"column":9},"end":{"line":14,"column":29}},{"start":{"line":14,"column":33},"end":{"line":30,"column":10}}],"line":14},"1":{"loc":{"start":{"line":19,"column":14},"end":{"line":21,"column":15}},"type":"if","locations":[{"start":{"line":19,"column":14},"end":{"line":21,"column":15}},{"start":{},"end":{}}],"line":19},"2":{"loc":{"start":{"line":31,"column":9},"end":{"line":31,"column":60}},"type":"binary-expr","locations":[{"start":{"line":31,"column":9},"end":{"line":31,"column":33}},{"start":{"line":31,"column":37},"end":{"line":31,"column":60}}],"line":31}},"s":{"0":5,"1":2,"2":4,"3":4,"4":2,"5":2,"6":2},"f":{"0":5,"1":2,"2":4,"3":2},"b":{"0":[5,2],"1":[2,2],"2":[5,3]},"_coverageSchema":"1a1c01bbd47fc00a2c39e90264f33305004495a9","hash":"23944c62a4223b7e6198b6dc85850de9b571c938"}
,"C:\\Users\\laffy\\Documents\\coding\\cylon_projects\\hello-cylon\\hello-frontend\\src\\main\\components\\ViewLists\\ViewListsFunctions.ts": {"path":"C:\\Users\\laffy\\Documents\\coding\\cylon_projects\\hello-cylon\\hello-frontend\\src\\main\\components\\ViewLists\\ViewListsFunctions.ts","statementMap":{"0":{"start":{"line":11,"column":2},"end":{"line":17,"column":5}},"1":{"start":{"line":12,"column":19},"end":{"line":12,"column":24}},"2":{"start":{"line":13,"column":4},"end":{"line":13,"column":52}},"3":{"start":{"line":13,"column":36},"end":{"line":13,"column":50}},"4":{"start":{"line":14,"column":4},"end":{"line":14,"column":31}},"5":{"start":{"line":15,"column":4},"end":{"line":15,"column":24}},"6":{"start":{"line":16,"column":4},"end":{"line":16,"column":23}}},"fnMap":{"0":{"name":"deleteList","decl":{"start":{"line":3,"column":16},"end":{"line":3,"column":26}},"loc":{"start":{"line":10,"column":2},"end":{"line":18,"column":1}},"line":10},"1":{"name":"(anonymous_1)","decl":{"start":{"line":11,"column":32},"end":{"line":11,"column":33}},"loc":{"start":{"line":11,"column":36},"end":{"line":17,"column":3}},"line":11},"2":{"name":"(anonymous_2)","decl":{"start":{"line":13,"column":31},"end":{"line":13,"column":32}},"loc":{"start":{"line":13,"column":36},"end":{"line":13,"column":50}},"line":13}},"branchMap":{},"s":{"0":3,"1":1,"2":1,"3":1,"4":1,"5":1,"6":1},"f":{"0":3,"1":1,"2":1},"b":{},"_coverageSchema":"1a1c01bbd47fc00a2c39e90264f33305004495a9","hash":"d9942df62d2dc5b824bfc594d63351adf45f7612"}
,"C:\\Users\\laffy\\Documents\\coding\\cylon_projects\\hello-cylon\\hello-frontend\\src\\main\\components\\ViewLists\\ViewListsProps.tsx": {"path":"C:\\Users\\laffy\\Documents\\coding\\cylon_projects\\hello-cylon\\hello-frontend\\src\\main\\components\\ViewLists\\ViewListsProps.tsx","statementMap":{},"fnMap":{},"branchMap":{},"s":{},"f":{},"b":{}}
}
