TN:
SF:src\index.tsx
FNF:0
FNH:0
DA:7,0
DA:8,0
LF:2
LH:0
BRF:0
BRH:0
end_of_record
TN:
SF:src\dtos\ToDoItem.ts
FNF:0
FNH:0
DA:6,6
DA:12,6
DA:17,6
LF:3
LH:3
BRF:0
BRH:0
end_of_record
TN:
SF:src\dtos\ToDoList.ts
FNF:0
FNH:0
DA:11,8
DA:17,8
DA:23,8
LF:3
LH:3
BRF:0
BRH:0
end_of_record
TN:
SF:src\jsons\ToDoItemJson.ts
FNF:0
FNH:0
LF:0
LH:0
BRF:0
BRH:0
end_of_record
TN:
SF:src\jsons\ToDoListJson.ts
FNF:0
FNH:0
LF:0
LH:0
BRF:0
BRH:0
end_of_record
TN:
SF:src\main\App.tsx
FN:10,App
FN:16,(anonymous_1)
FN:18,(anonymous_2)
FNF:3
FNH:2
FNDA:2,App
FNDA:2,(anonymous_1)
FNDA:0,(anonymous_2)
DA:11,2
DA:12,2
DA:13,2
DA:14,2
DA:16,2
DA:17,2
DA:18,1
DA:19,0
DA:21,1
DA:25,2
DA:54,1
LF:11
LH:10
BRDA:17,0,0,1
BRDA:17,0,1,1
BRF:2
BRH:2
end_of_record
TN:
SF:src\main\api\ApiRequests.ts
FN:19,getAllToDoLists
FN:36,postNewToDoList
FN:49,postNewToDoItem
FN:62,putUpdateToDoList
FN:75,putUpdateToDoItem
FN:88,deleteToDoList
FN:101,deleteToDoItem
FNF:7
FNH:7
FNDA:3,getAllToDoLists
FNDA:2,postNewToDoList
FNDA:2,postNewToDoItem
FNDA:3,putUpdateToDoList
FNDA:2,putUpdateToDoItem
FNDA:4,deleteToDoList
FNDA:2,deleteToDoItem
DA:6,4
DA:7,4
DA:8,4
DA:9,4
DA:10,4
DA:11,4
DA:12,4
DA:13,4
DA:14,4
DA:15,4
DA:16,4
DA:17,4
DA:20,3
DA:22,3
DA:24,2
DA:25,1
DA:28,1
DA:32,1
DA:37,2
DA:38,2
DA:39,2
DA:40,1
DA:42,1
DA:45,1
DA:50,2
DA:51,2
DA:52,2
DA:53,1
DA:55,1
DA:58,1
DA:63,3
DA:64,3
DA:65,2
DA:66,1
DA:68,1
DA:71,1
DA:76,2
DA:77,2
DA:78,2
DA:79,1
DA:81,1
DA:84,1
DA:89,4
DA:90,4
DA:91,2
DA:92,1
DA:94,1
DA:97,1
DA:102,2
DA:103,2
DA:104,2
DA:105,1
DA:107,1
DA:110,1
LF:54
LH:54
BRDA:24,0,0,1
BRDA:24,0,1,1
BRDA:39,1,0,1
BRDA:39,1,1,1
BRDA:52,2,0,1
BRDA:52,2,1,1
BRDA:65,3,0,1
BRDA:65,3,1,1
BRDA:78,4,0,1
BRDA:78,4,1,1
BRDA:91,5,0,1
BRDA:91,5,1,1
BRDA:104,6,0,1
BRDA:104,6,1,1
BRF:14
BRH:14
end_of_record
TN:
SF:src\main\components\EditItem\EditItem.tsx
FN:8,EditItem
FNF:1
FNH:1
FNDA:3,EditItem
DA:9,3
LF:1
LH:1
BRF:0
BRH:0
end_of_record
TN:
SF:src\main\components\EditItem\EditItemProps.ts
FNF:0
FNH:0
LF:0
LH:0
BRF:0
BRH:0
end_of_record
TN:
SF:src\main\components\EditLists\EditList.tsx
FN:12,EditList
FN:18,(anonymous_1)
FN:36,(anonymous_2)
FN:49,(anonymous_3)
FN:52,(anonymous_4)
FN:66,(anonymous_5)
FN:67,(anonymous_6)
FN:74,(anonymous_7)
FNF:8
FNH:8
FNDA:8,EditList
FNDA:1,(anonymous_1)
FNDA:1,(anonymous_2)
FNDA:1,(anonymous_3)
FNDA:2,(anonymous_4)
FNDA:2,(anonymous_5)
FNDA:1,(anonymous_6)
FNDA:1,(anonymous_7)
DA:13,8
DA:19,1
DA:20,1
DA:37,1
DA:50,1
DA:53,2
DA:67,2
DA:68,1
DA:69,1
DA:74,1
LF:10
LH:10
BRDA:25,0,0,8
BRDA:25,0,1,5
BRDA:67,1,0,1
BRDA:67,1,1,1
BRF:4
BRH:4
end_of_record
TN:
SF:src\main\components\EditLists\EditListFunctions.ts
FN:5,handleSubmit
FNF:1
FNH:1
FNDA:2,handleSubmit
DA:11,2
DA:12,2
DA:13,1
DA:14,1
DA:15,1
DA:16,1
LF:6
LH:6
BRDA:11,0,0,1
BRDA:11,0,1,1
BRDA:12,1,0,1
BRDA:12,1,1,1
BRDA:12,2,0,2
BRDA:12,2,1,1
BRF:6
BRH:6
end_of_record
TN:
SF:src\main\components\EditLists\EditListProps.ts
FNF:0
FNH:0
LF:0
LH:0
BRF:0
BRH:0
end_of_record
TN:
SF:src\main\components\ItemField\ItemField.tsx
FN:7,ItemField
FN:17,(anonymous_1)
FNF:2
FNH:2
FNDA:7,ItemField
FNDA:1,(anonymous_1)
DA:8,7
DA:18,1
LF:2
LH:2
BRF:0
BRH:0
end_of_record
TN:
SF:src\main\components\ItemField\ItemFieldFunctions.ts
FN:4,capitalizeFirstLetter
FN:8,handleItemChanges
FN:18,(anonymous_2)
FNF:3
FNH:3
FNDA:7,capitalizeFirstLetter
FNDA:2,handleItemChanges
FNDA:3,(anonymous_2)
DA:5,7
DA:15,2
DA:16,2
DA:17,2
DA:18,2
DA:19,3
DA:20,2
DA:23,2
LF:8
LH:8
BRDA:19,0,0,2
BRDA:19,0,1,1
BRDA:19,1,0,3
BRDA:19,1,1,3
BRF:4
BRH:4
end_of_record
TN:
SF:src\main\components\ItemField\ItemFieldProps.ts
FNF:0
FNH:0
LF:0
LH:0
BRF:0
BRH:0
end_of_record
TN:
SF:src\main\components\ViewLists\ViewLists.tsx
FN:9,ViewLists
FN:14,(anonymous_1)
FN:17,(anonymous_2)
FN:25,(anonymous_3)
FNF:4
FNH:4
FNDA:5,ViewLists
FNDA:2,(anonymous_1)
FNDA:4,(anonymous_2)
FNDA:2,(anonymous_3)
DA:10,5
DA:15,2
DA:18,4
DA:19,4
DA:20,2
DA:26,2
DA:37,2
LF:7
LH:7
BRDA:14,0,0,5
BRDA:14,0,1,2
BRDA:19,1,0,2
BRDA:19,1,1,2
BRDA:31,2,0,5
BRDA:31,2,1,3
BRF:6
BRH:6
end_of_record
TN:
SF:src\main\components\ViewLists\ViewListsFunctions.ts
FN:3,deleteList
FN:11,(anonymous_1)
FN:13,(anonymous_2)
FNF:3
FNH:3
FNDA:3,deleteList
FNDA:1,(anonymous_1)
FNDA:1,(anonymous_2)
DA:11,3
DA:12,1
DA:13,1
DA:14,1
DA:15,1
DA:16,1
LF:6
LH:6
BRF:0
BRH:0
end_of_record
TN:
SF:src\main\components\ViewLists\ViewListsProps.tsx
FNF:0
FNH:0
LF:0
LH:0
BRF:0
BRH:0
end_of_record
